app/build/intermediates/manifest_merge_blame_file/debug/processDebugMainManifest/manifest-merger-blame-debug-report.txt
1<?xml version="1.0" encoding="utf-8"?>
2<manifest xmlns:android="http://schemas.android.com/apk/res/android"
3    package="com.example.s22hls"
4    android:versionCode="1"
5    android:versionName="1.0" >
6
7    <uses-sdk
8        android:minSdkVersion="29"
9        android:targetSdkVersion="35" />
10
11    <uses-permission android:name="android.permission.INTERNET" />
11-->src/main/AndroidManifest.xml:4:5-66
11-->src/main/AndroidManifest.xml:4:22-64
12    <uses-permission android:name="android.permission.CAMERA" />
12-->src/main/AndroidManifest.xml:5:5-64
12-->src/main/AndroidManifest.xml:5:22-62
13    <uses-permission android:name="android.permission.RECORD_AUDIO" />
13-->src/main/AndroidManifest.xml:6:5-70
13-->src/main/AndroidManifest.xml:6:22-68
14    <uses-permission android:name="android.permission.WAKE_LOCK" />
14-->src/main/AndroidManifest.xml:7:5-67
14-->src/main/AndroidManifest.xml:7:22-65
15    <uses-permission android:name="android.permission.FOREGROUND_SERVICE" />
15-->src/main/AndroidManifest.xml:8:5-76
15-->src/main/AndroidManifest.xml:8:22-74
16    <uses-permission android:name="android.permission.FOREGROUND_SERVICE_CAMERA" />
16-->src/main/AndroidManifest.xml:9:5-83
16-->src/main/AndroidManifest.xml:9:22-81
17    <uses-permission android:name="android.permission.FOREGROUND_SERVICE_MICROPHONE" />
17-->src/main/AndroidManifest.xml:10:5-87
17-->src/main/AndroidManifest.xml:10:22-85
18
19    <permission
19-->[androidx.core:core:1.13.1] AndroidManifest.xml:22:5-24:47
20        android:name="com.example.s22hls.DYNAMIC_RECEIVER_NOT_EXPORTED_PERMISSION"
20-->[androidx.core:core:1.13.1] AndroidManifest.xml:23:9-81
21        android:protectionLevel="signature" />
21-->[androidx.core:core:1.13.1] AndroidManifest.xml:24:9-44
22
23    <uses-permission android:name="com.example.s22hls.DYNAMIC_RECEIVER_NOT_EXPORTED_PERMISSION" />
23-->[androidx.core:core:1.13.1] AndroidManifest.xml:26:5-97
23-->[androidx.core:core:1.13.1] AndroidManifest.xml:26:22-94
24
25    <application
25-->src/main/AndroidManifest.xml:12:5-34:19
26        android:allowBackup="true"
26-->src/main/AndroidManifest.xml:13:9-35
27        android:appComponentFactory="androidx.core.app.CoreComponentFactory"
27-->[androidx.core:core:1.13.1] AndroidManifest.xml:28:18-86
28        android:debuggable="true"
29        android:extractNativeLibs="false"
30        android:icon="@android:drawable/sym_def_app_icon"
30-->src/main/AndroidManifest.xml:15:9-58
31        android:label="@string/app_name"
31-->src/main/AndroidManifest.xml:14:9-41
32        android:networkSecurityConfig="@xml/network_security_config"
32-->src/main/AndroidManifest.xml:18:9-69
33        android:supportsRtl="true"
33-->src/main/AndroidManifest.xml:16:9-35
34        android:theme="@style/Theme.S22HlsToVps" >
34-->src/main/AndroidManifest.xml:17:9-49
35        <activity
35-->src/main/AndroidManifest.xml:20:9-28:20
36            android:name="com.example.s22hls.MainActivity"
36-->src/main/AndroidManifest.xml:21:13-41
37            android:configChanges="orientation|screenSize|keyboardHidden|smallestScreenSize|uiMode"
37-->src/main/AndroidManifest.xml:23:13-100
38            android:exported="true" >
38-->src/main/AndroidManifest.xml:22:13-36
39            <intent-filter>
39-->src/main/AndroidManifest.xml:24:13-27:29
40                <action android:name="android.intent.action.MAIN" />
40-->src/main/AndroidManifest.xml:25:17-69
40-->src/main/AndroidManifest.xml:25:25-66
41
42                <category android:name="android.intent.category.LAUNCHER" />
42-->src/main/AndroidManifest.xml:26:17-77
42-->src/main/AndroidManifest.xml:26:27-74
43            </intent-filter>
44        </activity>
45
46        <service
46-->src/main/AndroidManifest.xml:30:9-33:65
47            android:name="com.example.s22hls.StreamingService"
47-->src/main/AndroidManifest.xml:31:13-45
48            android:exported="false"
48-->src/main/AndroidManifest.xml:32:13-37
49            android:foregroundServiceType="camera|microphone" />
49-->src/main/AndroidManifest.xml:33:13-62
50        <service
50-->[androidx.camera:camera-camera2:1.3.4] AndroidManifest.xml:24:9-33:19
51            android:name="androidx.camera.core.impl.MetadataHolderService"
51-->[androidx.camera:camera-camera2:1.3.4] AndroidManifest.xml:25:13-75
52            android:enabled="false"
52-->[androidx.camera:camera-camera2:1.3.4] AndroidManifest.xml:26:13-36
53            android:exported="false" >
53-->[androidx.camera:camera-camera2:1.3.4] AndroidManifest.xml:27:13-37
54            <meta-data
54-->[androidx.camera:camera-camera2:1.3.4] AndroidManifest.xml:30:13-32:89
55                android:name="androidx.camera.core.impl.MetadataHolderService.DEFAULT_CONFIG_PROVIDER"
55-->[androidx.camera:camera-camera2:1.3.4] AndroidManifest.xml:31:17-103
56                android:value="androidx.camera.camera2.Camera2Config$DefaultProvider" />
56-->[androidx.camera:camera-camera2:1.3.4] AndroidManifest.xml:32:17-86
57        </service>
58
59        <provider
59-->[androidx.emoji2:emoji2:1.3.0] AndroidManifest.xml:24:9-32:20
60            android:name="androidx.startup.InitializationProvider"
60-->[androidx.emoji2:emoji2:1.3.0] AndroidManifest.xml:25:13-67
61            android:authorities="com.example.s22hls.androidx-startup"
61-->[androidx.emoji2:emoji2:1.3.0] AndroidManifest.xml:26:13-68
62            android:exported="false" >
62-->[androidx.emoji2:emoji2:1.3.0] AndroidManifest.xml:27:13-37
63            <meta-data
63-->[androidx.emoji2:emoji2:1.3.0] AndroidManifest.xml:29:13-31:52
64                android:name="androidx.emoji2.text.EmojiCompatInitializer"
64-->[androidx.emoji2:emoji2:1.3.0] AndroidManifest.xml:30:17-75
65                android:value="androidx.startup" />
65-->[androidx.emoji2:emoji2:1.3.0] AndroidManifest.xml:31:17-49
66            <meta-data
66-->[androidx.lifecycle:lifecycle-process:2.6.2] AndroidManifest.xml:29:13-31:52
67                android:name="androidx.lifecycle.ProcessLifecycleInitializer"
67-->[androidx.lifecycle:lifecycle-process:2.6.2] AndroidManifest.xml:30:17-78
68                android:value="androidx.startup" />
68-->[androidx.lifecycle:lifecycle-process:2.6.2] AndroidManifest.xml:31:17-49
69            <meta-data
69-->[androidx.profileinstaller:profileinstaller:1.3.1] AndroidManifest.xml:29:13-31:52
70                android:name="androidx.profileinstaller.ProfileInstallerInitializer"
70-->[androidx.profileinstaller:profileinstaller:1.3.1] AndroidManifest.xml:30:17-85
71                android:value="androidx.startup" />
71-->[androidx.profileinstaller:profileinstaller:1.3.1] AndroidManifest.xml:31:17-49
72        </provider>
73
74        <receiver
74-->[androidx.profileinstaller:profileinstaller:1.3.1] AndroidManifest.xml:34:9-52:20
75            android:name="androidx.profileinstaller.ProfileInstallReceiver"
75-->[androidx.profileinstaller:profileinstaller:1.3.1] AndroidManifest.xml:35:13-76
76            android:directBootAware="false"
76-->[androidx.profileinstaller:profileinstaller:1.3.1] AndroidManifest.xml:36:13-44
77            android:enabled="true"
77-->[androidx.profileinstaller:profileinstaller:1.3.1] AndroidManifest.xml:37:13-35
78            android:exported="true"
78-->[androidx.profileinstaller:profileinstaller:1.3.1] AndroidManifest.xml:38:13-36
79            android:permission="android.permission.DUMP" >
79-->[androidx.profileinstaller:profileinstaller:1.3.1] AndroidManifest.xml:39:13-57
80            <intent-filter>
80-->[androidx.profileinstaller:profileinstaller:1.3.1] AndroidManifest.xml:40:13-42:29
81                <action android:name="androidx.profileinstaller.action.INSTALL_PROFILE" />
81-->[androidx.profileinstaller:profileinstaller:1.3.1] AndroidManifest.xml:41:17-91
81-->[androidx.profileinstaller:profileinstaller:1.3.1] AndroidManifest.xml:41:25-88
82            </intent-filter>
83            <intent-filter>
83-->[androidx.profileinstaller:profileinstaller:1.3.1] AndroidManifest.xml:43:13-45:29
84                <action android:name="androidx.profileinstaller.action.SKIP_FILE" />
84-->[androidx.profileinstaller:profileinstaller:1.3.1] AndroidManifest.xml:44:17-85
84-->[androidx.profileinstaller:profileinstaller:1.3.1] AndroidManifest.xml:44:25-82
85            </intent-filter>
86            <intent-filter>
86-->[androidx.profileinstaller:profileinstaller:1.3.1] AndroidManifest.xml:46:13-48:29
87                <action android:name="androidx.profileinstaller.action.SAVE_PROFILE" />
87-->[androidx.profileinstaller:profileinstaller:1.3.1] AndroidManifest.xml:47:17-88
87-->[androidx.profileinstaller:profileinstaller:1.3.1] AndroidManifest.xml:47:25-85
88            </intent-filter>
89            <intent-filter>
89-->[androidx.profileinstaller:profileinstaller:1.3.1] AndroidManifest.xml:49:13-51:29
90                <action android:name="androidx.profileinstaller.action.BENCHMARK_OPERATION" />
90-->[androidx.profileinstaller:profileinstaller:1.3.1] AndroidManifest.xml:50:17-95
90-->[androidx.profileinstaller:profileinstaller:1.3.1] AndroidManifest.xml:50:25-92
91            </intent-filter>
92        </receiver>
93    </application>
94
95</manifest>